make[1]: Entering directory `/home/tim/gitsrc/irsim-9.7'
./scripts/mkdirs /usr/local/bin /usr/local/share/man \
	/usr/local/lib/irsim/tcl /usr/local/lib/irsim/prm /usr/local/lib/irsim/tcl/bitmaps
mkdir /usr/local/lib/irsim
mkdir /usr/local/lib/irsim/tcl
mkdir /usr/local/lib/irsim/prm
mkdir /usr/local/lib/irsim/tcl/bitmaps
for dir in lib doc tcltk irsim random tclsubckt tcltk; do \
	(cd $dir && make install-tcl); done
make[2]: Entering directory `/home/tim/gitsrc/irsim-9.7/lib'
(cd prm; cp amiabn.80.n99z.5.prm /usr/local/lib/irsim/prm/amiabn.80.n99z.5.prm)
(cd prm; cp amic5.30.n98s.3.3.prm /usr/local/lib/irsim/prm/amic5.30.n98s.3.3.prm)
(cd prm; cp amicwl.50.n97l.5.prm /usr/local/lib/irsim/prm/amicwl.50.n97l.5.prm)
(cd prm; cp hpcmos10.20.n98v.3.3.prm /usr/local/lib/irsim/prm/hpcmos10.20.n98v.3.3.prm)
(cd prm; cp hpcmos14.30.n9ae.3.3.prm /usr/local/lib/irsim/prm/hpcmos14.30.n9ae.3.3.prm)
(cd prm; cp hpcmos26.40.n88x.5.prm /usr/local/lib/irsim/prm/hpcmos26.40.n88x.5.prm)
(cd prm; cp orbit.60.n96e.5.prm /usr/local/lib/irsim/prm/orbit.60.n96e.5.prm)
(cd prm; cp scmos100.prm /usr/local/lib/irsim/prm/scmos100.prm)
(cd prm; cp scmos1_6um.prm /usr/local/lib/irsim/prm/scmos1_6um.prm)
(cd prm; cp scmos2um.prm /usr/local/lib/irsim/prm/scmos2um.prm)
(cd prm; cp scmos30.prm /usr/local/lib/irsim/prm/scmos30.prm)
(cd prm; cp scmos35.prm /usr/local/lib/irsim/prm/scmos35.prm)
(cd prm; cp scmos50_3v.prm /usr/local/lib/irsim/prm/scmos50_3v.prm)
(cd prm; cp scmos50_5v.prm /usr/local/lib/irsim/prm/scmos50_5v.prm)
(cd prm; cp scmos60.prm /usr/local/lib/irsim/prm/scmos60.prm)
(cd prm; cp tsmc18.10.nxxx.1.8.prm /usr/local/lib/irsim/prm/tsmc18.10.nxxx.1.8.prm)
(cd prm; cp tsmc25.15.n99y.2.5.prm /usr/local/lib/irsim/prm/tsmc25.15.n99y.2.5.prm)
(cd prm; cp tsmc35.20.n98t.3.3.prm /usr/local/lib/irsim/prm/tsmc35.20.n98t.3.3.prm)
(cd prm; cp tsmc35p.20.n98tp.3.3.prm /usr/local/lib/irsim/prm/tsmc35p.20.n98tp.3.3.prm)
(cd bitmaps; cp left.xbm /usr/local/lib/irsim/tcl/bitmaps/left.xbm)
(cd bitmaps; cp right.xbm /usr/local/lib/irsim/tcl/bitmaps/right.xbm)
(cd bitmaps; cp lleft.xbm /usr/local/lib/irsim/tcl/bitmaps/lleft.xbm)
(cd bitmaps; cp rright.xbm /usr/local/lib/irsim/tcl/bitmaps/rright.xbm)
(cd bitmaps; cp center.xbm /usr/local/lib/irsim/tcl/bitmaps/center.xbm)
make[2]: Leaving directory `/home/tim/gitsrc/irsim-9.7/lib'
make[2]: Entering directory `/home/tim/gitsrc/irsim-9.7/doc'
../scripts/mkdirs /usr/local/share/man /usr/local/share/man/man1 /usr/local/share/man/man3 /usr/local/share/man/man5
cp irsim-analyzer.3 /usr/local/share/man/man3/irsim-analyzer.3
cp irsim.1 /usr/local/share/man/man1/irsim.1
cp netchange.5 /usr/local/share/man/man5/netchange.5
../scripts/mkdirs /usr/local/lib/irsim/doc
mkdir /usr/local/lib/irsim/doc
cp irsim-analyzer.doc /usr/local/lib/irsim/doc/irsim-analyzer.doc
cp irsim.doc /usr/local/lib/irsim/doc/irsim.doc
cp netchange.doc /usr/local/lib/irsim/doc/netchange.doc
cp powerEst.doc /usr/local/lib/irsim/doc/powerEst.doc
make[2]: Leaving directory `/home/tim/gitsrc/irsim-9.7/doc'
make[2]: Entering directory `/home/tim/gitsrc/irsim-9.7/tcltk'
rm -f /usr/local/bin/irsim.sh /usr/local/bin/irsim
cp irsim.sh /usr/local/bin/irsim
(cd /usr/local/bin; chmod 0755 irsim)
rm -f /usr/local/lib/irsim/tcl/tkcon.tcl
cp tkcon.tcl /usr/local/lib/irsim/tcl/tkcon.tcl
rm -f /usr/local/lib/irsim/tcl/console.tcl
cp console.tcl /usr/local/lib/irsim/tcl/console.tcl
rm -f /usr/local/lib/irsim/tcl/cver.tcl
cp cver.tcl /usr/local/lib/irsim/tcl/cver.tcl
rm -f /usr/local/lib/irsim/tcl/irsim.tcl
cp irsim.tcl /usr/local/lib/irsim/tcl/irsim.tcl
rm -f /usr/local/lib/irsim/tcl/irsimexec
cp irsimexec /usr/local/lib/irsim/tcl/irsimexec
make[2]: Leaving directory `/home/tim/gitsrc/irsim-9.7/tcltk'
make[2]: Entering directory `/home/tim/gitsrc/irsim-9.7/irsim'
rm -f /usr/local/lib/irsim/tcl/tclirsim.so
cp tclirsim.so /usr/local/lib/irsim/tcl/tclirsim.so
make[2]: Leaving directory `/home/tim/gitsrc/irsim-9.7/irsim'
make[2]: Entering directory `/home/tim/gitsrc/irsim-9.7/random'
rm -f /usr/local/lib/irsim/tcl/random.so
cp random.so /usr/local/lib/irsim/tcl/random.so
make[2]: Leaving directory `/home/tim/gitsrc/irsim-9.7/random'
make[2]: Entering directory `/home/tim/gitsrc/irsim-9.7/tclsubckt'
rm -f /usr/local/lib/irsim/tcl/diglib.so
cp diglib.so /usr/local/lib/irsim/tcl/diglib.so
make[2]: Leaving directory `/home/tim/gitsrc/irsim-9.7/tclsubckt'
make[2]: Entering directory `/home/tim/gitsrc/irsim-9.7/tcltk'
rm -f /usr/local/bin/irsim.sh /usr/local/bin/irsim
cp irsim.sh /usr/local/bin/irsim
(cd /usr/local/bin; chmod 0755 irsim)
rm -f /usr/local/lib/irsim/tcl/irsimexec
cp irsimexec /usr/local/lib/irsim/tcl/irsimexec
make[2]: Leaving directory `/home/tim/gitsrc/irsim-9.7/tcltk'
make[1]: Leaving directory `/home/tim/gitsrc/irsim-9.7'
make[1]: Entering directory `/home/tim/gitsrc/irsim-9.7'
./scripts/mkdirs /usr/local/bin /usr/local/share/man \
	/usr/local/lib/irsim/tcl /usr/local/lib/irsim/prm /usr/local/lib/irsim/tcl/bitmaps
for dir in lib doc tcltk irsim random tclsubckt tcltk; do \
	(cd $dir && make install-tcl); done
make[2]: Entering directory `/home/tim/gitsrc/irsim-9.7/lib'
make[2]: Nothing to be done for `install-tcl'.
make[2]: Leaving directory `/home/tim/gitsrc/irsim-9.7/lib'
make[2]: Entering directory `/home/tim/gitsrc/irsim-9.7/doc'
../scripts/mkdirs /usr/local/share/man /usr/local/share/man/man1 /usr/local/share/man/man3 /usr/local/share/man/man5
cp irsim-analyzer.3 /usr/local/share/man/man3/irsim-analyzer.3
cp irsim.1 /usr/local/share/man/man1/irsim.1
cp netchange.5 /usr/local/share/man/man5/netchange.5
../scripts/mkdirs /usr/local/lib/irsim/doc
cp irsim-analyzer.doc /usr/local/lib/irsim/doc/irsim-analyzer.doc
cp irsim.doc /usr/local/lib/irsim/doc/irsim.doc
cp netchange.doc /usr/local/lib/irsim/doc/netchange.doc
make[2]: Leaving directory `/home/tim/gitsrc/irsim-9.7/doc'
make[2]: Entering directory `/home/tim/gitsrc/irsim-9.7/tcltk'
rm -f /usr/local/bin/irsim.sh /usr/local/bin/irsim
cp irsim.sh /usr/local/bin/irsim
(cd /usr/local/bin; chmod 0755 irsim)
rm -f /usr/local/lib/irsim/tcl/irsim.tcl
cp irsim.tcl /usr/local/lib/irsim/tcl/irsim.tcl
rm -f /usr/local/lib/irsim/tcl/irsimexec
cp irsimexec /usr/local/lib/irsim/tcl/irsimexec
make[2]: Leaving directory `/home/tim/gitsrc/irsim-9.7/tcltk'
make[2]: Entering directory `/home/tim/gitsrc/irsim-9.7/irsim'
rm -f /usr/local/lib/irsim/tcl/tclirsim.so
cp tclirsim.so /usr/local/lib/irsim/tcl/tclirsim.so
make[2]: Leaving directory `/home/tim/gitsrc/irsim-9.7/irsim'
make[2]: Entering directory `/home/tim/gitsrc/irsim-9.7/random'
rm -f /usr/local/lib/irsim/tcl/random.so
cp random.so /usr/local/lib/irsim/tcl/random.so
make[2]: Leaving directory `/home/tim/gitsrc/irsim-9.7/random'
make[2]: Entering directory `/home/tim/gitsrc/irsim-9.7/tclsubckt'
rm -f /usr/local/lib/irsim/tcl/diglib.so
cp diglib.so /usr/local/lib/irsim/tcl/diglib.so
make[2]: Leaving directory `/home/tim/gitsrc/irsim-9.7/tclsubckt'
make[2]: Entering directory `/home/tim/gitsrc/irsim-9.7/tcltk'
rm -f /usr/local/bin/irsim.sh /usr/local/bin/irsim
cp irsim.sh /usr/local/bin/irsim
(cd /usr/local/bin; chmod 0755 irsim)
rm -f /usr/local/lib/irsim/tcl/irsimexec
cp irsimexec /usr/local/lib/irsim/tcl/irsimexec
make[2]: Leaving directory `/home/tim/gitsrc/irsim-9.7/tcltk'
make[1]: Leaving directory `/home/tim/gitsrc/irsim-9.7'
